2019-08-18 16:24:12.908 [restartedMain] INFO  com.example.demo1.Demo1Application -Starting Demo1Application on nick with PID 14692 (H:\springBoot\spring-boot-demo1-master\target\classes started by fack in H:\springBoot)
2019-08-18 16:24:12.911 [restartedMain] INFO  com.example.demo1.Demo1Application -No active profile set, falling back to default profiles: default
2019-08-18 16:24:12.976 [restartedMain] INFO  o.s.b.w.s.c.AnnotationConfigServletWebServerApplicationContext -Refreshing org.springframework.boot.web.servlet.context.AnnotationConfigServletWebServerApplicationContext@31c32292: startup date [Sun Aug 18 16:24:12 CST 2019]; root of context hierarchy
2019-08-18 16:24:14.496 [restartedMain] INFO  o.s.boot.web.embedded.tomcat.TomcatWebServer -Tomcat initialized with port(s): 18083 (http)
2019-08-18 16:24:14.508 [restartedMain] INFO  org.apache.coyote.http11.Http11NioProtocol -Initializing ProtocolHandler ["http-nio-18083"]
2019-08-18 16:24:14.518 [restartedMain] INFO  org.apache.catalina.core.StandardService -Starting service [Tomcat]
2019-08-18 16:24:14.518 [restartedMain] INFO  org.apache.catalina.core.StandardEngine -Starting Servlet Engine: Apache Tomcat/8.5.32
2019-08-18 16:24:14.521 [localhost-startStop-1] INFO  org.apache.catalina.core.AprLifecycleListener -The APR based Apache Tomcat Native library which allows optimal performance in production environments was not found on the java.library.path: [C:\Program Files\Java\jdk1.8.0_101\bin;C:\WINDOWS\Sun\Java\bin;C:\WINDOWS\system32;C:\WINDOWS;C:\ProgramData\Oracle\Java\javapath;C:\WINDOWS\system32;C:\WINDOWS;C:\WINDOWS\System32\Wbem;C:\WINDOWS\System32\WindowsPowerShell\v1.0\;C:\Program Files (x86)\GitExtensions\;D:\软件\Git\bin;D:\software\nodejs\;H:\install\apache-maven-3.6.1\bin;C:\Program Files\Java\jdk1.8.0_101\bin;C:\Program Files\Java\jdk1.8.0_101\jre\bin;C:\Users\DELL\AppData\Local\Microsoft\WindowsApps;D:\software\nodejs\node_global;;.]
2019-08-18 16:24:14.611 [localhost-startStop-1] INFO  o.a.c.core.ContainerBase.[Tomcat].[localhost].[/] -Initializing Spring embedded WebApplicationContext
2019-08-18 16:24:14.611 [localhost-startStop-1] INFO  org.springframework.web.context.ContextLoader -Root WebApplicationContext: initialization completed in 1635 ms
2019-08-18 16:24:14.686 [localhost-startStop-1] INFO  o.s.boot.web.servlet.FilterRegistrationBean -Mapping filter: 'characterEncodingFilter' to: [/*]
2019-08-18 16:24:14.686 [localhost-startStop-1] INFO  o.s.boot.web.servlet.FilterRegistrationBean -Mapping filter: 'hiddenHttpMethodFilter' to: [/*]
2019-08-18 16:24:14.686 [localhost-startStop-1] INFO  o.s.boot.web.servlet.FilterRegistrationBean -Mapping filter: 'httpPutFormContentFilter' to: [/*]
2019-08-18 16:24:14.686 [localhost-startStop-1] INFO  o.s.boot.web.servlet.FilterRegistrationBean -Mapping filter: 'requestContextFilter' to: [/*]
2019-08-18 16:24:14.686 [localhost-startStop-1] INFO  o.s.b.w.s.DelegatingFilterProxyRegistrationBean -Mapping filter: 'springSecurityFilterChain' to: [/*]
2019-08-18 16:24:14.686 [localhost-startStop-1] INFO  o.s.boot.web.servlet.FilterRegistrationBean -Mapping filter: 'resourceUrlEncodingFilter' to: [/*]
2019-08-18 16:24:14.687 [localhost-startStop-1] INFO  o.s.boot.web.servlet.ServletRegistrationBean -Servlet dispatcherServlet mapped to [/]
2019-08-18 16:24:15.279 [restartedMain] INFO  o.s.security.web.DefaultSecurityFilterChain -Creating filter chain: org.springframework.security.web.util.matcher.AnyRequestMatcher@1, [org.springframework.security.web.context.request.async.WebAsyncManagerIntegrationFilter@6cb23fff, org.springframework.security.web.context.SecurityContextPersistenceFilter@76e39506, org.springframework.security.web.header.HeaderWriterFilter@b523b53, org.springframework.security.web.authentication.logout.LogoutFilter@9d8634, org.springframework.security.web.authentication.UsernamePasswordAuthenticationFilter@54927c4a, org.springframework.security.web.savedrequest.RequestCacheAwareFilter@2e1199fe, org.springframework.security.web.servletapi.SecurityContextHolderAwareRequestFilter@6f012fe9, org.springframework.security.web.authentication.rememberme.RememberMeAuthenticationFilter@fb44e47, org.springframework.security.web.authentication.AnonymousAuthenticationFilter@20923d2f, org.springframework.security.web.session.SessionManagementFilter@583548b7, org.springframework.security.web.access.ExceptionTranslationFilter@1696d481, org.springframework.security.web.access.intercept.FilterSecurityInterceptor@7f5da8bd]
2019-08-18 16:24:15.332 [restartedMain] INFO  o.s.web.servlet.handler.SimpleUrlHandlerMapping -Mapped URL path [/**/favicon.ico] onto handler of type [class org.springframework.web.servlet.resource.ResourceHttpRequestHandler]
2019-08-18 16:24:15.441 [restartedMain] INFO  o.s.w.s.m.m.a.RequestMappingHandlerAdapter -Looking for @ControllerAdvice: org.springframework.boot.web.servlet.context.AnnotationConfigServletWebServerApplicationContext@31c32292: startup date [Sun Aug 18 16:24:12 CST 2019]; root of context hierarchy
2019-08-18 16:24:15.477 [restartedMain] INFO  o.s.w.s.m.m.a.RequestMappingHandlerMapping -Mapped "{[/user/{id}]}" onto public java.lang.String com.example.demo1.Demo1Application.getUser(java.lang.Integer)
2019-08-18 16:24:15.477 [restartedMain] INFO  o.s.w.s.m.m.a.RequestMappingHandlerMapping -Mapped "{[/]}" onto public java.lang.String com.example.demo1.Demo1Application.home()
2019-08-18 16:24:15.479 [restartedMain] INFO  o.s.w.s.m.m.a.RequestMappingHandlerMapping -Mapped "{[/greeting]}" onto public org.springframework.web.servlet.ModelAndView com.example.demo1.controller.IndexController.test(org.springframework.web.servlet.ModelAndView)
2019-08-18 16:24:15.480 [restartedMain] INFO  o.s.w.s.m.m.a.RequestMappingHandlerMapping -Mapped "{[/login],methods=[GET]}" onto public java.lang.String com.example.demo1.controller.IndexController.login(org.springframework.ui.Model,java.lang.String)
2019-08-18 16:24:15.480 [restartedMain] INFO  o.s.w.s.m.m.a.RequestMappingHandlerMapping -Mapped "{[/home],methods=[GET]}" onto public java.lang.String com.example.demo1.controller.IndexController.home()
2019-08-18 16:24:15.480 [restartedMain] INFO  o.s.w.s.m.m.a.RequestMappingHandlerMapping -Mapped "{[/kdwl/q_wl_info],methods=[GET]}" onto public java.lang.String com.example.demo1.controller.KdwlController.queryWlInfo()
2019-08-18 16:24:15.481 [restartedMain] INFO  o.s.w.s.m.m.a.RequestMappingHandlerMapping -Mapped "{[/orders/findAll],methods=[GET]}" onto public java.lang.String com.example.demo1.controller.OrderController.findAll()
2019-08-18 16:24:15.481 [restartedMain] INFO  o.s.w.s.m.m.a.RequestMappingHandlerMapping -Mapped "{[/orders/home],methods=[GET]}" onto public java.lang.String com.example.demo1.controller.OrderController.home()
2019-08-18 16:24:15.481 [restartedMain] INFO  o.s.w.s.m.m.a.RequestMappingHandlerMapping -Mapped "{[/user],methods=[GET]}" onto public java.util.Map<java.lang.String, java.lang.Object> com.example.demo1.controller.UserController.getUsers()
2019-08-18 16:24:15.483 [restartedMain] INFO  o.s.w.s.m.m.a.RequestMappingHandlerMapping -Mapped "{[/error]}" onto public org.springframework.http.ResponseEntity<java.util.Map<java.lang.String, java.lang.Object>> org.springframework.boot.autoconfigure.web.servlet.error.BasicErrorController.error(javax.servlet.http.HttpServletRequest)
2019-08-18 16:24:15.483 [restartedMain] INFO  o.s.w.s.m.m.a.RequestMappingHandlerMapping -Mapped "{[/error],produces=[text/html]}" onto public org.springframework.web.servlet.ModelAndView org.springframework.boot.autoconfigure.web.servlet.error.BasicErrorController.errorHtml(javax.servlet.http.HttpServletRequest,javax.servlet.http.HttpServletResponse)
2019-08-18 16:24:15.502 [restartedMain] INFO  o.s.web.servlet.handler.SimpleUrlHandlerMapping -Mapped URL path [/webjars/**] onto handler of type [class org.springframework.web.servlet.resource.ResourceHttpRequestHandler]
2019-08-18 16:24:15.502 [restartedMain] INFO  o.s.web.servlet.handler.SimpleUrlHandlerMapping -Mapped URL path [/**] onto handler of type [class org.springframework.web.servlet.resource.ResourceHttpRequestHandler]
2019-08-18 16:24:15.539 [restartedMain] WARN  org.thymeleaf.templatemode.TemplateMode -[THYMELEAF][restartedMain] Template Mode 'HTML5' is deprecated. Using Template Mode 'HTML' instead.
2019-08-18 16:24:15.571 [restartedMain] INFO  o.s.b.a.web.servlet.WelcomePageHandlerMapping -Adding welcome page template: index
2019-08-18 16:24:15.732 [restartedMain] INFO  o.s.b.d.autoconfigure.OptionalLiveReloadServer -LiveReload server is running on port 35729
2019-08-18 16:24:15.759 [restartedMain] INFO  o.s.jmx.export.annotation.AnnotationMBeanExporter -Registering beans for JMX exposure on startup
2019-08-18 16:24:15.760 [restartedMain] INFO  o.s.jmx.export.annotation.AnnotationMBeanExporter -Bean with name 'dataSource' has been autodetected for JMX exposure
2019-08-18 16:24:15.766 [restartedMain] INFO  o.s.jmx.export.annotation.AnnotationMBeanExporter -Located MBean 'dataSource': registering with JMX server as MBean [com.zaxxer.hikari:name=dataSource,type=HikariDataSource]
2019-08-18 16:24:15.774 [restartedMain] INFO  org.apache.coyote.http11.Http11NioProtocol -Starting ProtocolHandler ["http-nio-18083"]
2019-08-18 16:24:15.786 [restartedMain] INFO  org.apache.tomcat.util.net.NioSelectorPool -Using a shared selector for servlet write/read
2019-08-18 16:24:15.801 [restartedMain] INFO  o.s.boot.web.embedded.tomcat.TomcatWebServer -Tomcat started on port(s): 18083 (http) with context path ''
2019-08-18 16:24:15.804 [restartedMain] INFO  com.example.demo1.Demo1Application -Started Demo1Application in 3.724 seconds (JVM running for 4.564)
2019-08-18 16:24:58.944 [http-nio-18083-exec-1] INFO  o.a.c.core.ContainerBase.[Tomcat].[localhost].[/] -Initializing Spring FrameworkServlet 'dispatcherServlet'
2019-08-18 16:24:58.944 [http-nio-18083-exec-1] INFO  org.springframework.web.servlet.DispatcherServlet -FrameworkServlet 'dispatcherServlet': initialization started
2019-08-18 16:24:58.960 [http-nio-18083-exec-1] INFO  org.springframework.web.servlet.DispatcherServlet -FrameworkServlet 'dispatcherServlet': initialization completed in 16 ms
2019-08-18 16:28:32.736 [main] INFO  com.example.demo1.Demo1Application -Starting Demo1Application on nick with PID 15372 (H:\springBoot\spring-boot-demo1-master\target\classes started by fack in H:\springBoot)
2019-08-18 16:28:32.742 [main] INFO  com.example.demo1.Demo1Application -No active profile set, falling back to default profiles: default
2019-08-18 16:28:32.853 [main] INFO  o.s.b.w.s.c.AnnotationConfigServletWebServerApplicationContext -Refreshing org.springframework.boot.web.servlet.context.AnnotationConfigServletWebServerApplicationContext@567400fb: startup date [Sun Aug 18 16:28:32 CST 2019]; root of context hierarchy
2019-08-18 16:28:35.313 [main] INFO  o.s.boot.web.embedded.tomcat.TomcatWebServer -Tomcat initialized with port(s): 18083 (http)
2019-08-18 16:28:35.352 [main] INFO  org.apache.coyote.http11.Http11NioProtocol -Initializing ProtocolHandler ["http-nio-18083"]
2019-08-18 16:28:35.376 [main] INFO  org.apache.catalina.core.StandardService -Starting service [Tomcat]
2019-08-18 16:28:35.376 [main] INFO  org.apache.catalina.core.StandardEngine -Starting Servlet Engine: Apache Tomcat/8.5.32
2019-08-18 16:28:35.381 [localhost-startStop-1] INFO  org.apache.catalina.core.AprLifecycleListener -The APR based Apache Tomcat Native library which allows optimal performance in production environments was not found on the java.library.path: [C:\Program Files\Java\jdk1.8.0_101\bin;C:\WINDOWS\Sun\Java\bin;C:\WINDOWS\system32;C:\WINDOWS;C:\ProgramData\Oracle\Java\javapath;C:\WINDOWS\system32;C:\WINDOWS;C:\WINDOWS\System32\Wbem;C:\WINDOWS\System32\WindowsPowerShell\v1.0\;C:\Program Files (x86)\GitExtensions\;D:\软件\Git\bin;D:\software\nodejs\;H:\install\apache-maven-3.6.1\bin;C:\Program Files\Java\jdk1.8.0_101\bin;C:\Program Files\Java\jdk1.8.0_101\jre\bin;C:\Users\DELL\AppData\Local\Microsoft\WindowsApps;D:\software\nodejs\node_global;;.]
2019-08-18 16:28:35.540 [localhost-startStop-1] INFO  o.a.c.core.ContainerBase.[Tomcat].[localhost].[/] -Initializing Spring embedded WebApplicationContext
2019-08-18 16:28:35.540 [localhost-startStop-1] INFO  org.springframework.web.context.ContextLoader -Root WebApplicationContext: initialization completed in 2687 ms
2019-08-18 16:28:35.678 [localhost-startStop-1] INFO  o.s.boot.web.servlet.FilterRegistrationBean -Mapping filter: 'characterEncodingFilter' to: [/*]
2019-08-18 16:28:35.678 [localhost-startStop-1] INFO  o.s.boot.web.servlet.FilterRegistrationBean -Mapping filter: 'hiddenHttpMethodFilter' to: [/*]
2019-08-18 16:28:35.678 [localhost-startStop-1] INFO  o.s.boot.web.servlet.FilterRegistrationBean -Mapping filter: 'httpPutFormContentFilter' to: [/*]
2019-08-18 16:28:35.679 [localhost-startStop-1] INFO  o.s.boot.web.servlet.FilterRegistrationBean -Mapping filter: 'requestContextFilter' to: [/*]
2019-08-18 16:28:35.679 [localhost-startStop-1] INFO  o.s.b.w.s.DelegatingFilterProxyRegistrationBean -Mapping filter: 'springSecurityFilterChain' to: [/*]
2019-08-18 16:28:35.679 [localhost-startStop-1] INFO  o.s.boot.web.servlet.FilterRegistrationBean -Mapping filter: 'resourceUrlEncodingFilter' to: [/*]
2019-08-18 16:28:35.679 [localhost-startStop-1] INFO  o.s.boot.web.servlet.ServletRegistrationBean -Servlet dispatcherServlet mapped to [/]
2019-08-18 16:28:37.138 [main] INFO  o.s.security.web.DefaultSecurityFilterChain -Creating filter chain: org.springframework.security.web.util.matcher.AnyRequestMatcher@1, [org.springframework.security.web.context.request.async.WebAsyncManagerIntegrationFilter@2ac9bd10, org.springframework.security.web.context.SecurityContextPersistenceFilter@36dda183, org.springframework.security.web.header.HeaderWriterFilter@6b9a63c2, org.springframework.security.web.authentication.logout.LogoutFilter@2ad3c23d, org.springframework.security.web.authentication.UsernamePasswordAuthenticationFilter@111f87f4, org.springframework.security.web.savedrequest.RequestCacheAwareFilter@522dbb47, org.springframework.security.web.servletapi.SecurityContextHolderAwareRequestFilter@39d45bcc, org.springframework.security.web.authentication.rememberme.RememberMeAuthenticationFilter@57c1cff5, org.springframework.security.web.authentication.AnonymousAuthenticationFilter@3bd8b718, org.springframework.security.web.session.SessionManagementFilter@db6c566, org.springframework.security.web.access.ExceptionTranslationFilter@da0eaf8, org.springframework.security.web.access.intercept.FilterSecurityInterceptor@690bce82]
2019-08-18 16:28:37.268 [main] INFO  o.s.web.servlet.handler.SimpleUrlHandlerMapping -Mapped URL path [/**/favicon.ico] onto handler of type [class org.springframework.web.servlet.resource.ResourceHttpRequestHandler]
2019-08-18 16:28:37.546 [main] INFO  o.s.w.s.m.m.a.RequestMappingHandlerAdapter -Looking for @ControllerAdvice: org.springframework.boot.web.servlet.context.AnnotationConfigServletWebServerApplicationContext@567400fb: startup date [Sun Aug 18 16:28:32 CST 2019]; root of context hierarchy
2019-08-18 16:28:37.680 [main] INFO  o.s.w.s.m.m.a.RequestMappingHandlerMapping -Mapped "{[/user/{id}]}" onto public java.lang.String com.example.demo1.Demo1Application.getUser(java.lang.Integer)
2019-08-18 16:28:37.681 [main] INFO  o.s.w.s.m.m.a.RequestMappingHandlerMapping -Mapped "{[/]}" onto public java.lang.String com.example.demo1.Demo1Application.home()
2019-08-18 16:28:37.686 [main] INFO  o.s.w.s.m.m.a.RequestMappingHandlerMapping -Mapped "{[/greeting]}" onto public org.springframework.web.servlet.ModelAndView com.example.demo1.controller.IndexController.test(org.springframework.web.servlet.ModelAndView)
2019-08-18 16:28:37.686 [main] INFO  o.s.w.s.m.m.a.RequestMappingHandlerMapping -Mapped "{[/home],methods=[GET]}" onto public java.lang.String com.example.demo1.controller.IndexController.home()
2019-08-18 16:28:37.686 [main] INFO  o.s.w.s.m.m.a.RequestMappingHandlerMapping -Mapped "{[/login],methods=[GET]}" onto public java.lang.String com.example.demo1.controller.IndexController.login(org.springframework.ui.Model,java.lang.String)
2019-08-18 16:28:37.687 [main] INFO  o.s.w.s.m.m.a.RequestMappingHandlerMapping -Mapped "{[/kdwl/q_wl_info],methods=[GET]}" onto public java.lang.String com.example.demo1.controller.KdwlController.queryWlInfo()
2019-08-18 16:28:37.687 [main] INFO  o.s.w.s.m.m.a.RequestMappingHandlerMapping -Mapped "{[/orders/home],methods=[GET]}" onto public java.lang.String com.example.demo1.controller.OrderController.home()
2019-08-18 16:28:37.688 [main] INFO  o.s.w.s.m.m.a.RequestMappingHandlerMapping -Mapped "{[/orders/findAll],methods=[GET]}" onto public java.lang.String com.example.demo1.controller.OrderController.findAll()
2019-08-18 16:28:37.688 [main] INFO  o.s.w.s.m.m.a.RequestMappingHandlerMapping -Mapped "{[/user],methods=[GET]}" onto public java.util.Map<java.lang.String, java.lang.Object> com.example.demo1.controller.UserController.getUsers()
2019-08-18 16:28:37.691 [main] INFO  o.s.w.s.m.m.a.RequestMappingHandlerMapping -Mapped "{[/error]}" onto public org.springframework.http.ResponseEntity<java.util.Map<java.lang.String, java.lang.Object>> org.springframework.boot.autoconfigure.web.servlet.error.BasicErrorController.error(javax.servlet.http.HttpServletRequest)
2019-08-18 16:28:37.692 [main] INFO  o.s.w.s.m.m.a.RequestMappingHandlerMapping -Mapped "{[/error],produces=[text/html]}" onto public org.springframework.web.servlet.ModelAndView org.springframework.boot.autoconfigure.web.servlet.error.BasicErrorController.errorHtml(javax.servlet.http.HttpServletRequest,javax.servlet.http.HttpServletResponse)
2019-08-18 16:28:37.727 [main] INFO  o.s.web.servlet.handler.SimpleUrlHandlerMapping -Mapped URL path [/webjars/**] onto handler of type [class org.springframework.web.servlet.resource.ResourceHttpRequestHandler]
2019-08-18 16:28:37.727 [main] INFO  o.s.web.servlet.handler.SimpleUrlHandlerMapping -Mapped URL path [/**] onto handler of type [class org.springframework.web.servlet.resource.ResourceHttpRequestHandler]
2019-08-18 16:28:37.809 [main] WARN  org.thymeleaf.templatemode.TemplateMode -[THYMELEAF][main] Template Mode 'HTML5' is deprecated. Using Template Mode 'HTML' instead.
2019-08-18 16:28:37.898 [main] INFO  o.s.b.a.web.servlet.WelcomePageHandlerMapping -Adding welcome page template: index
2019-08-18 16:28:38.209 [main] INFO  o.s.b.d.autoconfigure.OptionalLiveReloadServer -LiveReload server is running on port 35729
2019-08-18 16:28:38.260 [main] INFO  o.s.jmx.export.annotation.AnnotationMBeanExporter -Registering beans for JMX exposure on startup
2019-08-18 16:28:38.262 [main] INFO  o.s.jmx.export.annotation.AnnotationMBeanExporter -Bean with name 'dataSource' has been autodetected for JMX exposure
2019-08-18 16:28:38.270 [main] INFO  o.s.jmx.export.annotation.AnnotationMBeanExporter -Located MBean 'dataSource': registering with JMX server as MBean [com.zaxxer.hikari:name=dataSource,type=HikariDataSource]
2019-08-18 16:28:38.284 [main] INFO  org.apache.coyote.http11.Http11NioProtocol -Starting ProtocolHandler ["http-nio-18083"]
2019-08-18 16:28:38.300 [main] INFO  org.apache.tomcat.util.net.NioSelectorPool -Using a shared selector for servlet write/read
2019-08-18 16:28:38.329 [main] INFO  o.s.boot.web.embedded.tomcat.TomcatWebServer -Tomcat started on port(s): 18083 (http) with context path ''
2019-08-18 16:28:38.336 [main] INFO  com.example.demo1.Demo1Application -Started Demo1Application in 7.266 seconds (JVM running for 10.439)
2019-08-18 16:28:51.324 [http-nio-18083-exec-1] INFO  o.a.c.core.ContainerBase.[Tomcat].[localhost].[/] -Initializing Spring FrameworkServlet 'dispatcherServlet'
2019-08-18 16:28:51.324 [http-nio-18083-exec-1] INFO  org.springframework.web.servlet.DispatcherServlet -FrameworkServlet 'dispatcherServlet': initialization started
2019-08-18 16:28:51.344 [http-nio-18083-exec-1] INFO  org.springframework.web.servlet.DispatcherServlet -FrameworkServlet 'dispatcherServlet': initialization completed in 20 ms
2019-08-18 16:49:10.150 [http-nio-18083-exec-4] INFO  o.s.web.servlet.handler.SimpleUrlHandlerMapping -Mapped URL path [/**/favicon.ico] onto handler of type [class org.springframework.web.servlet.resource.ResourceHttpRequestHandler]
2019-08-18 16:49:10.155 [http-nio-18083-exec-4] INFO  o.s.w.s.m.m.a.RequestMappingHandlerMapping -Mapped "{[/user/{id}]}" onto public java.lang.String com.example.demo1.Demo1Application.getUser(java.lang.Integer)
2019-08-18 16:49:10.155 [http-nio-18083-exec-4] INFO  o.s.w.s.m.m.a.RequestMappingHandlerMapping -Mapped "{[/]}" onto public java.lang.String com.example.demo1.Demo1Application.home()
2019-08-18 16:49:10.158 [http-nio-18083-exec-4] INFO  o.s.w.s.m.m.a.RequestMappingHandlerMapping -Mapped "{[/greeting]}" onto public org.springframework.web.servlet.ModelAndView com.example.demo1.controller.IndexController.test(org.springframework.web.servlet.ModelAndView)
2019-08-18 16:49:10.158 [http-nio-18083-exec-4] INFO  o.s.w.s.m.m.a.RequestMappingHandlerMapping -Mapped "{[/home],methods=[GET]}" onto public java.lang.String com.example.demo1.controller.IndexController.home()
2019-08-18 16:49:10.158 [http-nio-18083-exec-4] INFO  o.s.w.s.m.m.a.RequestMappingHandlerMapping -Mapped "{[/login],methods=[GET]}" onto public java.lang.String com.example.demo1.controller.IndexController.login(org.springframework.ui.Model,java.lang.String)
2019-08-18 16:49:10.159 [http-nio-18083-exec-4] INFO  o.s.w.s.m.m.a.RequestMappingHandlerMapping -Mapped "{[/kdwl/q_wl_info],methods=[GET]}" onto public java.lang.String com.example.demo1.controller.KdwlController.queryWlInfo()
2019-08-18 16:49:10.161 [http-nio-18083-exec-4] INFO  o.s.w.s.m.m.a.RequestMappingHandlerMapping -Mapped "{[/orders/home],methods=[GET]}" onto public java.lang.String com.example.demo1.controller.OrderController.home()
2019-08-18 16:49:10.161 [http-nio-18083-exec-4] INFO  o.s.w.s.m.m.a.RequestMappingHandlerMapping -Mapped "{[/orders/findAll],methods=[GET]}" onto public java.lang.String com.example.demo1.controller.OrderController.findAll()
2019-08-18 16:49:10.163 [http-nio-18083-exec-4] INFO  o.s.w.s.m.m.a.RequestMappingHandlerMapping -Mapped "{[/user],methods=[GET]}" onto public java.util.Map<java.lang.String, java.lang.Object> com.example.demo1.controller.UserController.getUsers()
2019-08-18 16:49:10.163 [http-nio-18083-exec-4] INFO  o.s.w.s.m.m.a.RequestMappingHandlerMapping -Mapped "{[/user/id],methods=[GET]}" onto public java.util.Map<java.lang.String, java.lang.Object> com.example.demo1.controller.UserController.getid(java.lang.String)
2019-08-18 16:49:10.169 [http-nio-18083-exec-4] INFO  o.s.w.s.m.m.a.RequestMappingHandlerMapping -Mapped "{[/error]}" onto public org.springframework.http.ResponseEntity<java.util.Map<java.lang.String, java.lang.Object>> org.springframework.boot.autoconfigure.web.servlet.error.BasicErrorController.error(javax.servlet.http.HttpServletRequest)
2019-08-18 16:49:10.169 [http-nio-18083-exec-4] INFO  o.s.w.s.m.m.a.RequestMappingHandlerMapping -Mapped "{[/error],produces=[text/html]}" onto public org.springframework.web.servlet.ModelAndView org.springframework.boot.autoconfigure.web.servlet.error.BasicErrorController.errorHtml(javax.servlet.http.HttpServletRequest,javax.servlet.http.HttpServletResponse)
2019-08-18 17:45:44.688 [main] INFO  com.example.demo1.Demo1Application -Starting Demo1Application on nick with PID 19764 (H:\springBoot\spring-boot-demo1-master\target\classes started by fack in H:\springBoot)
2019-08-18 17:45:44.692 [main] INFO  com.example.demo1.Demo1Application -No active profile set, falling back to default profiles: default
2019-08-18 17:45:44.765 [main] INFO  o.s.b.w.s.c.AnnotationConfigServletWebServerApplicationContext -Refreshing org.springframework.boot.web.servlet.context.AnnotationConfigServletWebServerApplicationContext@48528634: startup date [Sun Aug 18 17:45:44 CST 2019]; root of context hierarchy
2019-08-18 17:45:46.551 [main] INFO  o.s.boot.web.embedded.tomcat.TomcatWebServer -Tomcat initialized with port(s): 18083 (http)
2019-08-18 17:45:46.567 [main] INFO  org.apache.coyote.http11.Http11NioProtocol -Initializing ProtocolHandler ["http-nio-18083"]
2019-08-18 17:45:46.575 [main] INFO  org.apache.catalina.core.StandardService -Starting service [Tomcat]
2019-08-18 17:45:46.576 [main] INFO  org.apache.catalina.core.StandardEngine -Starting Servlet Engine: Apache Tomcat/8.5.32
2019-08-18 17:45:46.581 [localhost-startStop-1] INFO  org.apache.catalina.core.AprLifecycleListener -The APR based Apache Tomcat Native library which allows optimal performance in production environments was not found on the java.library.path: [C:\Program Files\Java\jdk1.8.0_101\bin;C:\WINDOWS\Sun\Java\bin;C:\WINDOWS\system32;C:\WINDOWS;C:\ProgramData\Oracle\Java\javapath;C:\WINDOWS\system32;C:\WINDOWS;C:\WINDOWS\System32\Wbem;C:\WINDOWS\System32\WindowsPowerShell\v1.0\;C:\Program Files (x86)\GitExtensions\;D:\软件\Git\bin;D:\software\nodejs\;H:\install\apache-maven-3.6.1\bin;C:\Program Files\Java\jdk1.8.0_101\bin;C:\Program Files\Java\jdk1.8.0_101\jre\bin;C:\Users\DELL\AppData\Local\Microsoft\WindowsApps;D:\software\nodejs\node_global;;.]
2019-08-18 17:45:46.707 [localhost-startStop-1] INFO  o.a.c.core.ContainerBase.[Tomcat].[localhost].[/] -Initializing Spring embedded WebApplicationContext
2019-08-18 17:45:46.707 [localhost-startStop-1] INFO  org.springframework.web.context.ContextLoader -Root WebApplicationContext: initialization completed in 1942 ms
2019-08-18 17:45:46.832 [localhost-startStop-1] INFO  o.s.boot.web.servlet.FilterRegistrationBean -Mapping filter: 'characterEncodingFilter' to: [/*]
2019-08-18 17:45:46.833 [localhost-startStop-1] INFO  o.s.boot.web.servlet.FilterRegistrationBean -Mapping filter: 'hiddenHttpMethodFilter' to: [/*]
2019-08-18 17:45:46.833 [localhost-startStop-1] INFO  o.s.boot.web.servlet.FilterRegistrationBean -Mapping filter: 'httpPutFormContentFilter' to: [/*]
2019-08-18 17:45:46.833 [localhost-startStop-1] INFO  o.s.boot.web.servlet.FilterRegistrationBean -Mapping filter: 'requestContextFilter' to: [/*]
2019-08-18 17:45:46.834 [localhost-startStop-1] INFO  o.s.b.w.s.DelegatingFilterProxyRegistrationBean -Mapping filter: 'springSecurityFilterChain' to: [/*]
2019-08-18 17:45:46.834 [localhost-startStop-1] INFO  o.s.boot.web.servlet.FilterRegistrationBean -Mapping filter: 'resourceUrlEncodingFilter' to: [/*]
2019-08-18 17:45:46.835 [localhost-startStop-1] INFO  o.s.boot.web.servlet.ServletRegistrationBean -Servlet dispatcherServlet mapped to [/]
2019-08-18 17:46:05.730 [main] INFO  o.s.security.web.DefaultSecurityFilterChain -Creating filter chain: org.springframework.security.web.util.matcher.AnyRequestMatcher@1, [org.springframework.security.web.context.request.async.WebAsyncManagerIntegrationFilter@4693d24f, org.springframework.security.web.context.SecurityContextPersistenceFilter@2d41bb5a, org.springframework.security.web.header.HeaderWriterFilter@39a2e77d, org.springframework.security.web.authentication.logout.LogoutFilter@495f3965, org.springframework.security.web.authentication.UsernamePasswordAuthenticationFilter@337eeceb, org.springframework.security.web.savedrequest.RequestCacheAwareFilter@848d9bc, org.springframework.security.web.servletapi.SecurityContextHolderAwareRequestFilter@6f8fb906, org.springframework.security.web.authentication.rememberme.RememberMeAuthenticationFilter@174f0d06, org.springframework.security.web.authentication.AnonymousAuthenticationFilter@236a3e4, org.springframework.security.web.session.SessionManagementFilter@3adeca1f, org.springframework.security.web.access.ExceptionTranslationFilter@1d57b8f1, org.springframework.security.web.access.intercept.FilterSecurityInterceptor@5598dff2]
2019-08-18 17:46:05.823 [main] INFO  o.s.web.servlet.handler.SimpleUrlHandlerMapping -Mapped URL path [/**/favicon.ico] onto handler of type [class org.springframework.web.servlet.resource.ResourceHttpRequestHandler]
2019-08-18 17:46:06.006 [main] INFO  o.s.w.s.m.m.a.RequestMappingHandlerAdapter -Looking for @ControllerAdvice: org.springframework.boot.web.servlet.context.AnnotationConfigServletWebServerApplicationContext@48528634: startup date [Sun Aug 18 17:45:44 CST 2019]; root of context hierarchy
2019-08-18 17:46:06.067 [main] INFO  o.s.w.s.m.m.a.RequestMappingHandlerMapping -Mapped "{[/]}" onto public java.lang.String com.example.demo1.Demo1Application.home()
2019-08-18 17:46:06.069 [main] INFO  o.s.w.s.m.m.a.RequestMappingHandlerMapping -Mapped "{[/user/{id}]}" onto public java.lang.String com.example.demo1.Demo1Application.getUser(java.lang.Integer)
2019-08-18 17:46:06.074 [main] INFO  o.s.w.s.m.m.a.RequestMappingHandlerMapping -Mapped "{[/greeting]}" onto public org.springframework.web.servlet.ModelAndView com.example.demo1.controller.IndexController.test(org.springframework.web.servlet.ModelAndView)
2019-08-18 17:46:06.074 [main] INFO  o.s.w.s.m.m.a.RequestMappingHandlerMapping -Mapped "{[/home],methods=[GET]}" onto public java.lang.String com.example.demo1.controller.IndexController.home()
2019-08-18 17:46:06.074 [main] INFO  o.s.w.s.m.m.a.RequestMappingHandlerMapping -Mapped "{[/login],methods=[GET]}" onto public java.lang.String com.example.demo1.controller.IndexController.login(org.springframework.ui.Model,java.lang.String)
2019-08-18 17:46:06.074 [main] INFO  o.s.w.s.m.m.a.RequestMappingHandlerMapping -Mapped "{[/kdwl/q_wl_info],methods=[GET]}" onto public java.lang.String com.example.demo1.controller.KdwlController.queryWlInfo()
2019-08-18 17:46:06.075 [main] INFO  o.s.w.s.m.m.a.RequestMappingHandlerMapping -Mapped "{[/orders/home],methods=[GET]}" onto public java.lang.String com.example.demo1.controller.OrderController.home()
2019-08-18 17:46:06.075 [main] INFO  o.s.w.s.m.m.a.RequestMappingHandlerMapping -Mapped "{[/orders/findAll],methods=[GET]}" onto public java.lang.String com.example.demo1.controller.OrderController.findAll()
2019-08-18 17:46:06.076 [main] INFO  o.s.w.s.m.m.a.RequestMappingHandlerMapping -Mapped "{[/user],methods=[GET]}" onto public java.util.Map<java.lang.String, java.lang.Object> com.example.demo1.controller.UserController.getUsers()
2019-08-18 17:46:06.076 [main] INFO  o.s.w.s.m.m.a.RequestMappingHandlerMapping -Mapped "{[/user/id],methods=[GET]}" onto public java.util.Map<java.lang.String, java.lang.Object> com.example.demo1.controller.UserController.getid(java.lang.String)
2019-08-18 17:46:06.078 [main] INFO  o.s.w.s.m.m.a.RequestMappingHandlerMapping -Mapped "{[/error]}" onto public org.springframework.http.ResponseEntity<java.util.Map<java.lang.String, java.lang.Object>> org.springframework.boot.autoconfigure.web.servlet.error.BasicErrorController.error(javax.servlet.http.HttpServletRequest)
2019-08-18 17:46:06.078 [main] INFO  o.s.w.s.m.m.a.RequestMappingHandlerMapping -Mapped "{[/error],produces=[text/html]}" onto public org.springframework.web.servlet.ModelAndView org.springframework.boot.autoconfigure.web.servlet.error.BasicErrorController.errorHtml(javax.servlet.http.HttpServletRequest,javax.servlet.http.HttpServletResponse)
2019-08-18 17:46:06.109 [main] INFO  o.s.web.servlet.handler.SimpleUrlHandlerMapping -Mapped URL path [/webjars/**] onto handler of type [class org.springframework.web.servlet.resource.ResourceHttpRequestHandler]
2019-08-18 17:46:06.109 [main] INFO  o.s.web.servlet.handler.SimpleUrlHandlerMapping -Mapped URL path [/**] onto handler of type [class org.springframework.web.servlet.resource.ResourceHttpRequestHandler]
2019-08-18 17:46:06.172 [main] WARN  org.thymeleaf.templatemode.TemplateMode -[THYMELEAF][main] Template Mode 'HTML5' is deprecated. Using Template Mode 'HTML' instead.
2019-08-18 17:46:06.231 [main] INFO  o.s.b.a.web.servlet.WelcomePageHandlerMapping -Adding welcome page template: index
2019-08-18 17:46:06.489 [main] INFO  o.s.b.d.autoconfigure.OptionalLiveReloadServer -LiveReload server is running on port 35729
2019-08-18 17:46:06.523 [main] INFO  o.s.jmx.export.annotation.AnnotationMBeanExporter -Registering beans for JMX exposure on startup
2019-08-18 17:46:06.524 [main] INFO  o.s.jmx.export.annotation.AnnotationMBeanExporter -Bean with name 'dataSource' has been autodetected for JMX exposure
2019-08-18 17:46:06.530 [main] INFO  o.s.jmx.export.annotation.AnnotationMBeanExporter -Located MBean 'dataSource': registering with JMX server as MBean [com.zaxxer.hikari:name=dataSource,type=HikariDataSource]
2019-08-18 17:46:06.542 [main] INFO  org.apache.coyote.http11.Http11NioProtocol -Starting ProtocolHandler ["http-nio-18083"]
2019-08-18 17:46:06.557 [main] INFO  org.apache.tomcat.util.net.NioSelectorPool -Using a shared selector for servlet write/read
2019-08-18 17:46:06.585 [main] INFO  o.s.boot.web.embedded.tomcat.TomcatWebServer -Tomcat started on port(s): 18083 (http) with context path ''
2019-08-18 17:46:06.592 [main] INFO  com.example.demo1.Demo1Application -Started Demo1Application in 22.544 seconds (JVM running for 24.657)
2019-08-18 17:46:09.413 [http-nio-18083-exec-1] INFO  o.a.c.core.ContainerBase.[Tomcat].[localhost].[/] -Initializing Spring FrameworkServlet 'dispatcherServlet'
2019-08-18 17:46:09.413 [http-nio-18083-exec-1] INFO  org.springframework.web.servlet.DispatcherServlet -FrameworkServlet 'dispatcherServlet': initialization started
2019-08-18 17:46:09.432 [http-nio-18083-exec-1] INFO  org.springframework.web.servlet.DispatcherServlet -FrameworkServlet 'dispatcherServlet': initialization completed in 19 ms
