2019-11-10 10:33:50.778 [main] INFO  com.example.demo1.Demo1Application -Starting Demo1Application on LAPTOP-LMF8QB9H with PID 9016 (E:\do-work-dy\work\javaWork\springBoot\spring-boot-demo1-master\target\classes started by dy1218 in E:\do-work-dy\work\javaWork\springBoot)
2019-11-10 10:33:50.784 [main] INFO  com.example.demo1.Demo1Application -No active profile set, falling back to default profiles: default
2019-11-10 10:33:50.904 [main] INFO  o.s.b.w.s.c.AnnotationConfigServletWebServerApplicationContext -Refreshing org.springframework.boot.web.servlet.context.AnnotationConfigServletWebServerApplicationContext@64641bb2: startup date [Sun Nov 10 10:33:50 CST 2019]; root of context hierarchy
2019-11-10 10:33:54.188 [main] INFO  o.s.boot.web.embedded.tomcat.TomcatWebServer -Tomcat initialized with port(s): 18083 (http)
2019-11-10 10:33:54.329 [main] INFO  org.apache.coyote.http11.Http11NioProtocol -Initializing ProtocolHandler ["http-nio-18083"]
2019-11-10 10:33:54.351 [main] INFO  org.apache.catalina.core.StandardService -Starting service [Tomcat]
2019-11-10 10:33:54.351 [main] INFO  org.apache.catalina.core.StandardEngine -Starting Servlet Engine: Apache Tomcat/8.5.32
2019-11-10 10:33:54.369 [localhost-startStop-1] INFO  org.apache.catalina.core.AprLifecycleListener -The APR based Apache Tomcat Native library which allows optimal performance in production environments was not found on the java.library.path: [E:\do-work-dy\Installation_path\jdk-1.8\bin;C:\WINDOWS\Sun\Java\bin;C:\WINDOWS\system32;C:\WINDOWS;C:\Program Files (x86)\Common Files\Oracle\Java\javapath;C:\Program Files (x86)\Intel\iCLS Client\;C:\Program Files\Intel\iCLS Client\;C:\Windows\system32;C:\Windows;C:\Windows\System32\Wbem;C:\Windows\System32\WindowsPowerShell\v1.0\;C:\Program Files (x86)\NVIDIA Corporation\PhysX\Common;C:\Program Files (x86)\Intel\Intel(R) Management Engine Components\DAL;C:\Program Files\Intel\Intel(R) Management Engine Components\DAL;C:\Program Files (x86)\Intel\Intel(R) Management Engine Components\IPT;C:\Program Files\Intel\Intel(R) Management Engine Components\IPT;E:\do-work-dy\Installation_path\jdk-1.8\bin;E:\do-work-dy\Installation_path\jdk-1.8\jre\bin;E:\do-work-dy\Installation_path\mysql-8.0.11-winx64\bin;E:\do-work-dy\Installation_path\git\Git\cmd;E:\do-work-dy\Installation_path\apache-maven-3.5.4\bin\;C:\WINDOWS\system32;C:\WINDOWS;C:\WINDOWS\System32\Wbem;C:\WINDOWS\System32\WindowsPowerShell\v1.0\;C:\WINDOWS\System32\OpenSSH\;E:\nodejs\;F:\install\gitExtension\;C:\Users\dy1218\AppData\Local\Microsoft\WindowsApps;E:\nodejs\node_global;;.]
2019-11-10 10:33:54.605 [localhost-startStop-1] INFO  o.a.c.core.ContainerBase.[Tomcat].[localhost].[/] -Initializing Spring embedded WebApplicationContext
2019-11-10 10:33:54.605 [localhost-startStop-1] INFO  org.springframework.web.context.ContextLoader -Root WebApplicationContext: initialization completed in 3702 ms
2019-11-10 10:33:54.795 [localhost-startStop-1] INFO  o.s.boot.web.servlet.FilterRegistrationBean -Mapping filter: 'characterEncodingFilter' to: [/*]
2019-11-10 10:33:54.796 [localhost-startStop-1] INFO  o.s.boot.web.servlet.FilterRegistrationBean -Mapping filter: 'hiddenHttpMethodFilter' to: [/*]
2019-11-10 10:33:54.796 [localhost-startStop-1] INFO  o.s.boot.web.servlet.FilterRegistrationBean -Mapping filter: 'httpPutFormContentFilter' to: [/*]
2019-11-10 10:33:54.796 [localhost-startStop-1] INFO  o.s.boot.web.servlet.FilterRegistrationBean -Mapping filter: 'requestContextFilter' to: [/*]
2019-11-10 10:33:54.797 [localhost-startStop-1] INFO  o.s.b.w.s.DelegatingFilterProxyRegistrationBean -Mapping filter: 'springSecurityFilterChain' to: [/*]
2019-11-10 10:33:54.797 [localhost-startStop-1] INFO  o.s.boot.web.servlet.FilterRegistrationBean -Mapping filter: 'resourceUrlEncodingFilter' to: [/*]
2019-11-10 10:33:54.798 [localhost-startStop-1] INFO  o.s.boot.web.servlet.ServletRegistrationBean -Servlet dispatcherServlet mapped to [/]
2019-11-10 10:34:04.617 [main] INFO  o.s.security.web.DefaultSecurityFilterChain -Creating filter chain: org.springframework.security.web.util.matcher.AnyRequestMatcher@1, [org.springframework.security.web.context.request.async.WebAsyncManagerIntegrationFilter@2d74ce0, org.springframework.security.web.context.SecurityContextPersistenceFilter@3222940e, org.springframework.security.web.header.HeaderWriterFilter@c44e384, org.springframework.security.web.authentication.logout.LogoutFilter@63126aed, org.springframework.security.web.authentication.UsernamePasswordAuthenticationFilter@7b7c7a98, org.springframework.security.web.savedrequest.RequestCacheAwareFilter@5538acff, org.springframework.security.web.servletapi.SecurityContextHolderAwareRequestFilter@3ce1edbe, org.springframework.security.web.authentication.rememberme.RememberMeAuthenticationFilter@4acfebce, org.springframework.security.web.authentication.AnonymousAuthenticationFilter@73535dea, org.springframework.security.web.session.SessionManagementFilter@191e3624, org.springframework.security.web.access.ExceptionTranslationFilter@6c8a4df3, org.springframework.security.web.access.intercept.FilterSecurityInterceptor@f7eccb9]
2019-11-10 10:34:04.746 [main] INFO  o.s.web.servlet.handler.SimpleUrlHandlerMapping -Mapped URL path [/**/favicon.ico] onto handler of type [class org.springframework.web.servlet.resource.ResourceHttpRequestHandler]
2019-11-10 10:34:05.070 [main] INFO  o.s.w.s.m.m.a.RequestMappingHandlerAdapter -Looking for @ControllerAdvice: org.springframework.boot.web.servlet.context.AnnotationConfigServletWebServerApplicationContext@64641bb2: startup date [Sun Nov 10 10:33:50 CST 2019]; root of context hierarchy
2019-11-10 10:34:05.196 [main] INFO  o.s.w.s.m.m.a.RequestMappingHandlerMapping -Mapped "{[/user/{id}]}" onto public java.lang.String com.example.demo1.Demo1Application.getUser(java.lang.Integer)
2019-11-10 10:34:05.197 [main] INFO  o.s.w.s.m.m.a.RequestMappingHandlerMapping -Mapped "{[/]}" onto public java.lang.String com.example.demo1.Demo1Application.home()
2019-11-10 10:34:05.203 [main] INFO  o.s.w.s.m.m.a.RequestMappingHandlerMapping -Mapped "{[/greeting]}" onto public org.springframework.web.servlet.ModelAndView com.example.demo1.controller.IndexController.test(org.springframework.web.servlet.ModelAndView)
2019-11-10 10:34:05.203 [main] INFO  o.s.w.s.m.m.a.RequestMappingHandlerMapping -Mapped "{[/home],methods=[GET]}" onto public java.lang.String com.example.demo1.controller.IndexController.home()
2019-11-10 10:34:05.203 [main] INFO  o.s.w.s.m.m.a.RequestMappingHandlerMapping -Mapped "{[/login],methods=[GET]}" onto public java.lang.String com.example.demo1.controller.IndexController.login(org.springframework.ui.Model,java.lang.String)
2019-11-10 10:34:05.204 [main] INFO  o.s.w.s.m.m.a.RequestMappingHandlerMapping -Mapped "{[/kdwl/q_wl_info],methods=[GET]}" onto public java.lang.String com.example.demo1.controller.KdwlController.queryWlInfo()
2019-11-10 10:34:05.205 [main] INFO  o.s.w.s.m.m.a.RequestMappingHandlerMapping -Mapped "{[/orders/home],methods=[GET]}" onto public java.lang.String com.example.demo1.controller.OrderController.home()
2019-11-10 10:34:05.205 [main] INFO  o.s.w.s.m.m.a.RequestMappingHandlerMapping -Mapped "{[/orders/findAll],methods=[GET]}" onto public java.lang.String com.example.demo1.controller.OrderController.findAll()
2019-11-10 10:34:05.206 [main] INFO  o.s.w.s.m.m.a.RequestMappingHandlerMapping -Mapped "{[/user],methods=[GET]}" onto public java.util.Map<java.lang.String, java.lang.Object> com.example.demo1.controller.UserController.getUsers()
2019-11-10 10:34:05.207 [main] INFO  o.s.w.s.m.m.a.RequestMappingHandlerMapping -Mapped "{[/user/id],methods=[GET]}" onto public java.util.Map<java.lang.String, java.lang.Object> com.example.demo1.controller.UserController.getid(java.lang.String)
2019-11-10 10:34:05.210 [main] INFO  o.s.w.s.m.m.a.RequestMappingHandlerMapping -Mapped "{[/error]}" onto public org.springframework.http.ResponseEntity<java.util.Map<java.lang.String, java.lang.Object>> org.springframework.boot.autoconfigure.web.servlet.error.BasicErrorController.error(javax.servlet.http.HttpServletRequest)
2019-11-10 10:34:05.210 [main] INFO  o.s.w.s.m.m.a.RequestMappingHandlerMapping -Mapped "{[/error],produces=[text/html]}" onto public org.springframework.web.servlet.ModelAndView org.springframework.boot.autoconfigure.web.servlet.error.BasicErrorController.errorHtml(javax.servlet.http.HttpServletRequest,javax.servlet.http.HttpServletResponse)
2019-11-10 10:34:05.250 [main] INFO  o.s.web.servlet.handler.SimpleUrlHandlerMapping -Mapped URL path [/webjars/**] onto handler of type [class org.springframework.web.servlet.resource.ResourceHttpRequestHandler]
2019-11-10 10:34:05.250 [main] INFO  o.s.web.servlet.handler.SimpleUrlHandlerMapping -Mapped URL path [/**] onto handler of type [class org.springframework.web.servlet.resource.ResourceHttpRequestHandler]
2019-11-10 10:34:05.344 [main] WARN  org.thymeleaf.templatemode.TemplateMode -[THYMELEAF][main] Template Mode 'HTML5' is deprecated. Using Template Mode 'HTML' instead.
2019-11-10 10:34:05.444 [main] INFO  o.s.b.a.web.servlet.WelcomePageHandlerMapping -Adding welcome page template: index
2019-11-10 10:34:05.798 [main] INFO  o.s.b.d.autoconfigure.OptionalLiveReloadServer -LiveReload server is running on port 35729
2019-11-10 10:34:05.841 [main] INFO  o.s.jmx.export.annotation.AnnotationMBeanExporter -Registering beans for JMX exposure on startup
2019-11-10 10:34:05.842 [main] INFO  o.s.jmx.export.annotation.AnnotationMBeanExporter -Bean with name 'dataSource' has been autodetected for JMX exposure
2019-11-10 10:34:05.852 [main] INFO  o.s.jmx.export.annotation.AnnotationMBeanExporter -Located MBean 'dataSource': registering with JMX server as MBean [com.zaxxer.hikari:name=dataSource,type=HikariDataSource]
2019-11-10 10:34:05.967 [main] INFO  org.apache.coyote.http11.Http11NioProtocol -Starting ProtocolHandler ["http-nio-18083"]
2019-11-10 10:34:05.999 [main] INFO  org.apache.tomcat.util.net.NioSelectorPool -Using a shared selector for servlet write/read
2019-11-10 10:34:06.035 [main] INFO  o.s.boot.web.embedded.tomcat.TomcatWebServer -Tomcat started on port(s): 18083 (http) with context path ''
2019-11-10 10:34:06.044 [main] INFO  com.example.demo1.Demo1Application -Started Demo1Application in 16.6 seconds (JVM running for 24.506)
2019-11-10 10:34:08.820 [http-nio-18083-exec-1] INFO  o.a.c.core.ContainerBase.[Tomcat].[localhost].[/] -Initializing Spring FrameworkServlet 'dispatcherServlet'
2019-11-10 10:34:08.820 [http-nio-18083-exec-1] INFO  org.springframework.web.servlet.DispatcherServlet -FrameworkServlet 'dispatcherServlet': initialization started
2019-11-10 10:34:08.857 [http-nio-18083-exec-1] INFO  org.springframework.web.servlet.DispatcherServlet -FrameworkServlet 'dispatcherServlet': initialization completed in 37 ms
2019-11-10 10:34:45.683 [http-nio-18083-exec-9] INFO  com.zaxxer.hikari.HikariDataSource -HikariPool-1 - Starting...
2019-11-10 10:34:46.570 [http-nio-18083-exec-9] INFO  com.zaxxer.hikari.HikariDataSource -HikariPool-1 - Start completed.
2019-11-10 10:34:46.711 [http-nio-18083-exec-9] INFO  o.s.beans.factory.xml.XmlBeanDefinitionReader -Loading XML bean definitions from class path resource [org/springframework/jdbc/support/sql-error-codes.xml]
