2019-11-25 11:17:52.554 [main] INFO  com.example.demo1.Demo1Application -demo1启动时间：2019-11-25 11:17:52
2019-11-25 11:17:55.341 [main] INFO  com.example.demo1.Demo1Application -Starting Demo1Application on nick with PID 10320 (H:\nick\javaWork\springBoot\spring-boot-demo1-master\target\classes started by fack in H:\nick\javaWork\springBoot\spring-boot-demo1-master)
2019-11-25 11:17:55.342 [main] INFO  com.example.demo1.Demo1Application -No active profile set, falling back to default profiles: default
2019-11-25 11:17:55.541 [main] INFO  o.s.b.w.s.c.AnnotationConfigServletWebServerApplicationContext -Refreshing org.springframework.boot.web.servlet.context.AnnotationConfigServletWebServerApplicationContext@4417af13: startup date [Mon Nov 25 11:17:55 CST 2019]; root of context hierarchy
2019-11-25 11:17:59.807 [main] INFO  o.s.boot.web.embedded.tomcat.TomcatWebServer -Tomcat initialized with port(s): 18083 (http)
2019-11-25 11:17:59.851 [main] INFO  org.apache.coyote.http11.Http11NioProtocol -Initializing ProtocolHandler ["http-nio-18083"]
2019-11-25 11:17:59.874 [main] INFO  org.apache.catalina.core.StandardService -Starting service [Tomcat]
2019-11-25 11:17:59.875 [main] INFO  org.apache.catalina.core.StandardEngine -Starting Servlet Engine: Apache Tomcat/8.5.32
2019-11-25 11:17:59.890 [localhost-startStop-1] INFO  org.apache.catalina.core.AprLifecycleListener -The APR based Apache Tomcat Native library which allows optimal performance in production environments was not found on the java.library.path: [C:\Program Files\Java\jdk1.8.0_221\bin;C:\WINDOWS\Sun\Java\bin;C:\WINDOWS\system32;C:\WINDOWS;C:\Program Files (x86)\Common Files\Oracle\Java\javapath;C:\WINDOWS\system32;C:\WINDOWS;C:\WINDOWS\System32\Wbem;C:\WINDOWS\System32\WindowsPowerShell\v1.0\;"C:\Program Files\Java\jdk1.8.0_221\bin;C:\Program Files\Java\jdk1.8.0_221\jre\bin";H:\install\apache-maven-3.6.1\bin\;H:\install\nodejs\;C:\WINDOWS\System32\OpenSSH\;C:\Program Files (x86)\GitExtensions\;C:\Users\DELL\AppData\Local\Microsoft\WindowsApps;"C:\Program Files\Java\jdk1.8.0_221\bin;C:\Program Files\Java\jdk1.8.0_221\jre\bin";C:\Users\DELL\AppData\Roaming\npm;;.]
2019-11-25 11:18:00.047 [localhost-startStop-1] INFO  o.a.c.core.ContainerBase.[Tomcat].[localhost].[/] -Initializing Spring embedded WebApplicationContext
2019-11-25 11:18:00.047 [localhost-startStop-1] INFO  org.springframework.web.context.ContextLoader -Root WebApplicationContext: initialization completed in 4506 ms
2019-11-25 11:18:00.194 [localhost-startStop-1] INFO  o.s.boot.web.servlet.FilterRegistrationBean -Mapping filter: 'characterEncodingFilter' to: [/*]
2019-11-25 11:18:00.194 [localhost-startStop-1] INFO  o.s.boot.web.servlet.FilterRegistrationBean -Mapping filter: 'hiddenHttpMethodFilter' to: [/*]
2019-11-25 11:18:00.194 [localhost-startStop-1] INFO  o.s.boot.web.servlet.FilterRegistrationBean -Mapping filter: 'httpPutFormContentFilter' to: [/*]
2019-11-25 11:18:00.195 [localhost-startStop-1] INFO  o.s.boot.web.servlet.FilterRegistrationBean -Mapping filter: 'requestContextFilter' to: [/*]
2019-11-25 11:18:00.195 [localhost-startStop-1] INFO  o.s.b.w.s.DelegatingFilterProxyRegistrationBean -Mapping filter: 'springSecurityFilterChain' to: [/*]
2019-11-25 11:18:00.195 [localhost-startStop-1] INFO  o.s.boot.web.servlet.FilterRegistrationBean -Mapping filter: 'resourceUrlEncodingFilter' to: [/*]
2019-11-25 11:18:00.196 [localhost-startStop-1] INFO  o.s.boot.web.servlet.ServletRegistrationBean -Servlet dispatcherServlet mapped to [/]
2019-11-25 11:18:02.165 [main] INFO  o.s.security.web.DefaultSecurityFilterChain -Creating filter chain: org.springframework.security.web.util.matcher.AnyRequestMatcher@1, [org.springframework.security.web.context.request.async.WebAsyncManagerIntegrationFilter@7acfcfc4, org.springframework.security.web.context.SecurityContextPersistenceFilter@284f25e6, org.springframework.security.web.header.HeaderWriterFilter@4a773f08, org.springframework.security.web.authentication.logout.LogoutFilter@6556471b, org.springframework.security.web.authentication.UsernamePasswordAuthenticationFilter@2c8f65da, org.springframework.security.web.savedrequest.RequestCacheAwareFilter@346330b6, org.springframework.security.web.servletapi.SecurityContextHolderAwareRequestFilter@7ea039b4, org.springframework.security.web.authentication.rememberme.RememberMeAuthenticationFilter@2346f77a, org.springframework.security.web.authentication.AnonymousAuthenticationFilter@61fa3583, org.springframework.security.web.session.SessionManagementFilter@24e7087a, org.springframework.security.web.access.ExceptionTranslationFilter@a4dcede, org.springframework.security.web.access.intercept.FilterSecurityInterceptor@656302c]
2019-11-25 11:18:02.329 [main] INFO  o.s.web.servlet.handler.SimpleUrlHandlerMapping -Mapped URL path [/**/favicon.ico] onto handler of type [class org.springframework.web.servlet.resource.ResourceHttpRequestHandler]
2019-11-25 11:18:02.609 [main] INFO  o.s.w.s.m.m.a.RequestMappingHandlerAdapter -Looking for @ControllerAdvice: org.springframework.boot.web.servlet.context.AnnotationConfigServletWebServerApplicationContext@4417af13: startup date [Mon Nov 25 11:17:55 CST 2019]; root of context hierarchy
2019-11-25 11:18:02.735 [main] INFO  o.s.w.s.m.m.a.RequestMappingHandlerMapping -Mapped "{[/user/{id}]}" onto public java.lang.String com.example.demo1.Demo1Application.getUser(java.lang.Integer)
2019-11-25 11:18:02.736 [main] INFO  o.s.w.s.m.m.a.RequestMappingHandlerMapping -Mapped "{[/]}" onto public java.lang.String com.example.demo1.Demo1Application.home()
2019-11-25 11:18:02.741 [main] INFO  o.s.w.s.m.m.a.RequestMappingHandlerMapping -Mapped "{[/greeting]}" onto public org.springframework.web.servlet.ModelAndView com.example.demo1.controller.IndexController.test(org.springframework.web.servlet.ModelAndView)
2019-11-25 11:18:02.741 [main] INFO  o.s.w.s.m.m.a.RequestMappingHandlerMapping -Mapped "{[/home],methods=[GET]}" onto public java.lang.String com.example.demo1.controller.IndexController.home()
2019-11-25 11:18:02.741 [main] INFO  o.s.w.s.m.m.a.RequestMappingHandlerMapping -Mapped "{[/login],methods=[GET]}" onto public java.lang.String com.example.demo1.controller.IndexController.login(org.springframework.ui.Model,java.lang.String)
2019-11-25 11:18:02.742 [main] INFO  o.s.w.s.m.m.a.RequestMappingHandlerMapping -Mapped "{[/kdwl/q_wl_info],methods=[GET]}" onto public java.lang.String com.example.demo1.controller.KdwlController.queryWlInfo()
2019-11-25 11:18:02.742 [main] INFO  o.s.w.s.m.m.a.RequestMappingHandlerMapping -Mapped "{[/orders/home],methods=[GET]}" onto public java.lang.String com.example.demo1.controller.OrderController.home()
2019-11-25 11:18:02.743 [main] INFO  o.s.w.s.m.m.a.RequestMappingHandlerMapping -Mapped "{[/orders/findAll],methods=[GET]}" onto public java.lang.String com.example.demo1.controller.OrderController.findAll()
2019-11-25 11:18:02.744 [main] INFO  o.s.w.s.m.m.a.RequestMappingHandlerMapping -Mapped "{[/user/id],methods=[GET]}" onto public java.util.Map<java.lang.String, java.lang.Object> com.example.demo1.controller.UserController.getid(java.lang.String)
2019-11-25 11:18:02.744 [main] INFO  o.s.w.s.m.m.a.RequestMappingHandlerMapping -Mapped "{[/user],methods=[GET]}" onto public java.util.Map<java.lang.String, java.lang.Object> com.example.demo1.controller.UserController.getUsers()
2019-11-25 11:18:02.746 [main] INFO  o.s.w.s.m.m.a.RequestMappingHandlerMapping -Mapped "{[/error]}" onto public org.springframework.http.ResponseEntity<java.util.Map<java.lang.String, java.lang.Object>> org.springframework.boot.autoconfigure.web.servlet.error.BasicErrorController.error(javax.servlet.http.HttpServletRequest)
2019-11-25 11:18:02.747 [main] INFO  o.s.w.s.m.m.a.RequestMappingHandlerMapping -Mapped "{[/error],produces=[text/html]}" onto public org.springframework.web.servlet.ModelAndView org.springframework.boot.autoconfigure.web.servlet.error.BasicErrorController.errorHtml(javax.servlet.http.HttpServletRequest,javax.servlet.http.HttpServletResponse)
2019-11-25 11:18:02.783 [main] INFO  o.s.web.servlet.handler.SimpleUrlHandlerMapping -Mapped URL path [/webjars/**] onto handler of type [class org.springframework.web.servlet.resource.ResourceHttpRequestHandler]
2019-11-25 11:18:02.783 [main] INFO  o.s.web.servlet.handler.SimpleUrlHandlerMapping -Mapped URL path [/**] onto handler of type [class org.springframework.web.servlet.resource.ResourceHttpRequestHandler]
2019-11-25 11:18:02.870 [main] WARN  org.thymeleaf.templatemode.TemplateMode -[THYMELEAF][main] Template Mode 'HTML5' is deprecated. Using Template Mode 'HTML' instead.
2019-11-25 11:18:03.000 [main] INFO  o.s.b.a.web.servlet.WelcomePageHandlerMapping -Adding welcome page template: index
2019-11-25 11:18:03.707 [main] INFO  o.s.b.d.autoconfigure.OptionalLiveReloadServer -LiveReload server is running on port 35729
2019-11-25 11:18:03.756 [main] INFO  o.s.jmx.export.annotation.AnnotationMBeanExporter -Registering beans for JMX exposure on startup
2019-11-25 11:18:03.758 [main] INFO  o.s.jmx.export.annotation.AnnotationMBeanExporter -Bean with name 'dataSource' has been autodetected for JMX exposure
2019-11-25 11:18:03.767 [main] INFO  o.s.jmx.export.annotation.AnnotationMBeanExporter -Located MBean 'dataSource': registering with JMX server as MBean [com.zaxxer.hikari:name=dataSource,type=HikariDataSource]
2019-11-25 11:18:03.793 [main] INFO  org.apache.coyote.http11.Http11NioProtocol -Starting ProtocolHandler ["http-nio-18083"]
2019-11-25 11:18:03.812 [main] INFO  org.apache.tomcat.util.net.NioSelectorPool -Using a shared selector for servlet write/read
2019-11-25 11:18:03.856 [main] INFO  o.s.boot.web.embedded.tomcat.TomcatWebServer -Tomcat started on port(s): 18083 (http) with context path ''
2019-11-25 11:18:03.887 [main] INFO  com.example.demo1.Demo1Application -Started Demo1Application in 10.908 seconds (JVM running for 17.346)
